Arguments: 
  C:\Program Files\nodejs\node.exe C:\Program Files\nodejs\node_modules\yarn\bin\yarn.js install

PATH: 
  D:\Linux虚拟机\bin\;D:\jdk1.8\bin;D:\jdk1.8\jre\bin;D:\oracle12c\product\12.2.0\dbhome_1\bin;C:\Windows\system32;C:\Windows;C:\Windows\System32\Wbem;C:\Windows\System32\WindowsPowerShell\v1.0\;C:\Windows\System32\OpenSSH\;C:\Program Files (x86)\NVIDIA Corporation\PhysX\Common;C:\Program Files\NVIDIA Corporation\NVIDIA NvDLISR;C:\Program Files\Intel\WiFi\bin\;C:\Program Files\Common Files\Intel\WirelessCommon\;C:\WINDOWS\system32;C:\WINDOWS;C:\WINDOWS\System32\Wbem;C:\WINDOWS\System32\WindowsPowerShell\v1.0\;C:\WINDOWS\System32\OpenSSH\;C:\Program Files\Microsoft SQL Server\Client SDK\ODBC\170\Tools\Binn\;C:\Program Files (x86)\Microsoft SQL Server\150\Tools\Binn\;C:\Program Files\Microsoft SQL Server\150\Tools\Binn\;C:\Program Files\Microsoft SQL Server\150\DTS\Binn\;C:\Program Files\Azure Data Studio\bin;D:\jdk1.8\bin;D:\nod;\;C:\Program Files\Git\cmd;D:\node;D:\wechat_devtools\微信web开发者工具\dll;D:\mongodb\bin;D:\software\apache-tomcat-9.0.54\bin;D:\Node\nvm;C:\Program Files\nodejs;C:\Users\舒舒\AppData\Local\Microsoft\WindowsApps;D:\Users\舒舒\AppData\Local\Programs\Microsoft VS Code\bin;C:\Program Files\Azure Data Studio\bin;D:\Mysql\Mysql 8.0\bin;D:\Fiddler;C:\Users\舒舒\AppData\Local\Microsoft\WindowsApps;D:\PyCharm\PyCharm 2023.2.1\bin;;D:\Node\nvm;C:\Program Files\nodejs

Yarn version: 
  1.22.19

Node version: 
  18.17.0

Platform: 
  win32 x64

Trace: 
  Error: ENOENT: no such file or directory, copyfile 'C:\Users\舒舒\AppData\Local\Yarn\Cache\v6\npm-ansi-styles-3.2.1-41fbb20243e50b12be0f04b8dedbf07520ce841d-integrity\node_modules\ansi-styles\index.js' -> 'D:\works\lx_lesson\react\redux\redux-meituan\node_modules\@babel\code-frame\node_modules\ansi-styles\index.js'

npm manifest: 
  {
    "name": "day03-demo",
    "version": "0.1.0",
    "private": true,
    "dependencies": {
      "@reduxjs/toolkit": "^1.9.2",
      "@testing-library/jest-dom": "^5.16.5",
      "@testing-library/react": "^13.4.0",
      "@testing-library/user-event": "^13.5.0",
      "axios": "^1.3.2",
      "classnames": "^2.3.2",
      "json-server": "^0.17.2",
      "lodash": "^4.17.21",
      "react": "^18.2.0",
      "react-dom": "^18.2.0",
      "react-redux": "^8.0.5",
      "react-scripts": "5.0.1",
      "web-vitals": "^2.1.4"
    },
    "scripts": {
      "start": "react-scripts start",
      "build": "react-scripts build",
      "serve": "json-server server/data.json --port 3004"
    },
    "eslintConfig": {
      "extends": [
        "react-app",
        "react-app/jest"
      ]
    },
    "browserslist": {
      "production": [
        ">0.2%",
        "not dead",
        "not op_mini all"
      ],
      "development": [
        "last 1 chrome version",
        "last 1 firefox version",
        "last 1 safari version"
      ]
    },
    "devDependencies": {
      "sass": "^1.58.0"
    }
  }

yarn manifest: 
  No manifest

Lockfile: 
  No lockfile
